0 info it worked if it ends with ok
1 verbose cli [ 'node', '/usr/local/bin/npm', 'publish' ]
2 info using npm@1.4.9
3 info using node@v0.10.28
4 verbose publish [ '.' ]
5 verbose cache add [ '.', null ]
6 verbose cache add name=undefined spec="." args=[".",null]
7 verbose parsed url { protocol: null,
7 verbose parsed url   slashes: null,
7 verbose parsed url   auth: null,
7 verbose parsed url   host: null,
7 verbose parsed url   port: null,
7 verbose parsed url   hostname: null,
7 verbose parsed url   hash: null,
7 verbose parsed url   search: null,
7 verbose parsed url   query: null,
7 verbose parsed url   pathname: '.',
7 verbose parsed url   path: '.',
7 verbose parsed url   href: '.' }
8 silly lockFile 3a52ce78- .
9 verbose lock . /Users/romaric/.strong-registry/public.cache/3a52ce78-.lock
10 verbose tar pack [ '/var/folders/14/jx8r55n52mqg91zq5v2zxdhc0000gn/T/npm-52524-d-wf9qeE/1406628483758-0.3158613545820117/tmp.tgz',
10 verbose tar pack   '.' ]
11 verbose tarball /var/folders/14/jx8r55n52mqg91zq5v2zxdhc0000gn/T/npm-52524-d-wf9qeE/1406628483758-0.3158613545820117/tmp.tgz
12 verbose folder .
13 info prepublish countries@0.0.1
14 silly lockFile 1f1177db-tar tar://.
15 verbose lock tar://. /Users/romaric/.strong-registry/public.cache/1f1177db-tar.lock
16 silly lockFile 14bc3553-83758-0-3158613545820117-tmp-tgz tar:///var/folders/14/jx8r55n52mqg91zq5v2zxdhc0000gn/T/npm-52524-d-wf9qeE/1406628483758-0.3158613545820117/tmp.tgz
17 verbose lock tar:///var/folders/14/jx8r55n52mqg91zq5v2zxdhc0000gn/T/npm-52524-d-wf9qeE/1406628483758-0.3158613545820117/tmp.tgz /Users/romaric/.strong-registry/public.cache/14bc3553-83758-0-3158613545820117-tmp-tgz.lock
18 silly lockFile 1f1177db-tar tar://.
19 silly lockFile 1f1177db-tar tar://.
20 silly lockFile 14bc3553-83758-0-3158613545820117-tmp-tgz tar:///var/folders/14/jx8r55n52mqg91zq5v2zxdhc0000gn/T/npm-52524-d-wf9qeE/1406628483758-0.3158613545820117/tmp.tgz
21 silly lockFile 14bc3553-83758-0-3158613545820117-tmp-tgz tar:///var/folders/14/jx8r55n52mqg91zq5v2zxdhc0000gn/T/npm-52524-d-wf9qeE/1406628483758-0.3158613545820117/tmp.tgz
22 verbose tar unpack /var/folders/14/jx8r55n52mqg91zq5v2zxdhc0000gn/T/npm-52524-d-wf9qeE/1406628483758-0.3158613545820117/tmp.tgz
23 silly lockFile 753136db-ic-cache-countries-0-0-1-package tar:///Users/romaric/.strong-registry/public.cache/countries/0.0.1/package
24 verbose lock tar:///Users/romaric/.strong-registry/public.cache/countries/0.0.1/package /Users/romaric/.strong-registry/public.cache/753136db-ic-cache-countries-0-0-1-package.lock
25 silly lockFile 14bc3553-83758-0-3158613545820117-tmp-tgz tar:///var/folders/14/jx8r55n52mqg91zq5v2zxdhc0000gn/T/npm-52524-d-wf9qeE/1406628483758-0.3158613545820117/tmp.tgz
26 verbose lock tar:///var/folders/14/jx8r55n52mqg91zq5v2zxdhc0000gn/T/npm-52524-d-wf9qeE/1406628483758-0.3158613545820117/tmp.tgz /Users/romaric/.strong-registry/public.cache/14bc3553-83758-0-3158613545820117-tmp-tgz.lock
27 silly gunzTarPerm modes [ '755', '644' ]
28 silly gunzTarPerm extractEntry package.json
29 silly gunzTarPerm extractEntry README.md
30 silly gunzTarPerm extractEntry index.js
31 silly lockFile 753136db-ic-cache-countries-0-0-1-package tar:///Users/romaric/.strong-registry/public.cache/countries/0.0.1/package
32 silly lockFile 753136db-ic-cache-countries-0-0-1-package tar:///Users/romaric/.strong-registry/public.cache/countries/0.0.1/package
33 silly lockFile 14bc3553-83758-0-3158613545820117-tmp-tgz tar:///var/folders/14/jx8r55n52mqg91zq5v2zxdhc0000gn/T/npm-52524-d-wf9qeE/1406628483758-0.3158613545820117/tmp.tgz
34 silly lockFile 14bc3553-83758-0-3158613545820117-tmp-tgz tar:///var/folders/14/jx8r55n52mqg91zq5v2zxdhc0000gn/T/npm-52524-d-wf9qeE/1406628483758-0.3158613545820117/tmp.tgz
35 silly lockFile 3a52ce78- .
36 silly lockFile 3a52ce78- .
37 silly publish { name: 'countries',
37 silly publish   version: '0.0.1',
37 silly publish   description: 'A simple module to integrate in your node / browserify projects to have an up-to-date list of countries',
37 silly publish   main: 'index.js',
37 silly publish   scripts: { test: 'echo "Error: no test specified" && exit 1' },
37 silly publish   repository:
37 silly publish    { type: 'git',
37 silly publish      url: 'https://github.com/romariclaurent/countries' },
37 silly publish   keywords: [ 'countries' ],
37 silly publish   author: { name: 'Romaric Laurent' },
37 silly publish   license: 'ISC',
37 silly publish   bugs: { url: 'https://github.com/romariclaurent/countries/issues' },
37 silly publish   homepage: 'https://github.com/romariclaurent/countries',
37 silly publish   readme: 'countries\n=========\n\nA simple module to integrate in your node / browserify projects to have an up-to-date list of countries\n\n\nData imported from https://github.com/mledoze/countries\n',
37 silly publish   readmeFilename: 'README.md',
37 silly publish   _id: 'countries@0.0.1',
37 silly publish   _shasum: '807e70ee20cfb3a739837a7117c2bbf88e32869d',
37 silly publish   _from: '.' }
38 verbose url raw countries
39 verbose url resolving [ 'https://registry.npmjs.org/', './countries' ]
40 verbose url resolved https://registry.npmjs.org/countries
41 info trying registry request attempt 1 at 12:08:03
42 http PUT https://registry.npmjs.org/countries
43 http 403 https://registry.npmjs.org/countries
44 verbose headers { date: 'Tue, 29 Jul 2014 10:08:04 GMT',
44 verbose headers   server: 'CouchDB/1.5.0 (Erlang OTP/R14B04)',
44 verbose headers   'content-type': 'application/json',
44 verbose headers   'cache-control': 'max-age=60',
44 verbose headers   'content-length': '2005',
44 verbose headers   'accept-ranges': 'bytes',
44 verbose headers   via: '1.1 varnish',
44 verbose headers   'x-served-by': 'cache-ams4121-AMS',
44 verbose headers   'x-cache': 'MISS',
44 verbose headers   'x-cache-hits': '0',
44 verbose headers   'x-timer': 'S1406628484.229974,VS0,VE626',
44 verbose headers   'keep-alive': 'timeout=10, max=50',
44 verbose headers   connection: 'Keep-Alive' }
45 error publish Failed PUT 403
46 error Error: forbidden user: romaric not authorized to modify countries
46 error Changed: description "A utility for working with countries." -> "A simple module to integrate in your node / browserify projects to have an up-to-date list of countries"
46 error Changed: dist-tags.latest "0.1.1" -> "0.0.1"
46 error Added: versions.0.0.1
46 error Changed: readme "# countries\u000a\u000aA utility for working with countries.\u000a\u000a## Getting Started\u000aInstall the module with: `npm install countries`\u000a\u000a```javascript\u000avar countries = require('countries');\u000acountries.awesome(); // \"awesome\"\u000a```\u000a\u000a## Documentation\u000a_(Coming soon)_\u000a\u000a## Examples\u000a_(Coming soon)_\u000a\u000a## Contributing\u000aIn lieu of a formal styleguide, take care to maintain the existing coding style. Add unit tests for any new or changed functionality. Lint and test your code using [grunt](https://github.com/cowboy/grunt).\u000a\u000a## Release History\u000a_(Nothing yet)_\u000a\u000a## License\u000aCopyright (c) 2012 jameslafferty  \u000aLicensed under the GPL license.\u000a" -> "countries\u000a=========\u000a\u000aA simple module to integrate in your node / browserify projects to have an up-to-date list of countries\u000a\u000a\u000aData imported from https://github.com/mledoze/countries\u000a"
46 error Changed: time.modified "2012-12-15T22:27:46.281Z" -> "2014-07-29T10:07:03.496Z"
46 error Added: time.0.0.1
46 error Changed: author.name "jameslafferty" -> "Romaric Laurent"
46 error Deleted: author.email
46 error Deleted: author.url
46 error Changed: repository.url "git://github.com/jameslafferty/countries.git" -> "https://github.com/romariclaurent/countries"
46 error Changed: homepage "https://github.com/jameslafferty/countries" -> "https://github.com/romariclaurent/countries"
46 error Added: keywords.0
46 error Changed: bugs.url "https://github.com/jameslafferty/countries/issues" -> "https://github.com/romariclaurent/countries/issues"
46 error Added: license
46 error Added: _attachments: countries
46 error     at RegClient.<anonymous> (/usr/local/lib/node_modules/npm/node_modules/npm-registry-client/lib/request.js:273:14)
46 error     at Request._callback (/usr/local/lib/node_modules/npm/node_modules/npm-registry-client/lib/request.js:211:65)
46 error     at Request.self.callback (/usr/local/lib/node_modules/npm/node_modules/request/request.js:123:22)
46 error     at Request.EventEmitter.emit (events.js:98:17)
46 error     at Request.<anonymous> (/usr/local/lib/node_modules/npm/node_modules/request/request.js:893:14)
46 error     at Request.EventEmitter.emit (events.js:117:20)
46 error     at IncomingMessage.<anonymous> (/usr/local/lib/node_modules/npm/node_modules/request/request.js:844:12)
46 error     at IncomingMessage.EventEmitter.emit (events.js:117:20)
46 error     at _stream_readable.js:919:16
46 error     at process._tickCallback (node.js:419:13)
47 error If you need help, you may report this *entire* log,
47 error including the npm and node versions, at:
47 error     <http://github.com/npm/npm/issues>
48 error System Darwin 13.1.0
49 error command "node" "/usr/local/bin/npm" "publish"
50 error cwd /Users/romaric/Development/countries
51 error node -v v0.10.28
52 error npm -v 1.4.9
53 verbose exit [ 1, true ]
